#
# There is insufficient memory for the Java Runtime Environment to continue.
# Native memory allocation (malloc) failed to allocate 64272 bytes for Chunk::new
# Possible reasons:
#   The system is out of physical RAM or swap space
#   In 32 bit mode, the process size limit was hit
# Possible solutions:
#   Reduce memory load on the system
#   Increase physical memory or swap space
#   Check if swap backing store is full
#   Use 64 bit Java on a 64 bit OS
#   Decrease Java heap size (-Xmx/-Xms)
#   Decrease number of Java threads
#   Decrease Java thread stack sizes (-Xss)
#   Set larger code cache with -XX:ReservedCodeCacheSize=
# This output file may be truncated or incomplete.
#
#  Out of Memory Error (allocation.cpp:390), pid=4232, tid=0x00000000000035ac
#
# JRE version: Java(TM) SE Runtime Environment (8.0_92-b14) (build 1.8.0_92-b14)
# Java VM: Java HotSpot(TM) 64-Bit Server VM (25.92-b14 mixed mode windows-amd64 compressed oops)
# Failed to write core dump. Minidumps are not enabled by default on client versions of Windows
#

---------------  T H R E A D  ---------------

Current thread (0x0000000016ed8800):  JavaThread "C2 CompilerThread2" daemon [_thread_in_native, id=13740, stack(0x00000000183a0000,0x00000000184a0000)]

Stack: [0x00000000183a0000,0x00000000184a0000]
[error occurred during error reporting (printing stack bounds), id 0xc0000005]

Native frames: (J=compiled Java code, j=interpreted, Vv=VM code, C=native code)


Current CompileTask:
C2:  16768 2338       4       com.android.dx.ssa.SsaMethod::isRegALocal (90 bytes)


---------------  P R O C E S S  ---------------

Java Threads: ( => current thread )
  0x0000000018ba1800 JavaThread "pool-1-thread-4" [_thread_in_Java, id=8056, stack(0x00000000196a0000,0x00000000197a0000)]
  0x0000000018ba0800 JavaThread "pool-1-thread-3" [_thread_in_Java, id=7952, stack(0x00000000195a0000,0x00000000196a0000)]
  0x0000000018b41800 JavaThread "pool-1-thread-2" [_thread_in_Java, id=15172, stack(0x00000000194a0000,0x00000000195a0000)]
  0x0000000018b3e000 JavaThread "pool-2-thread-1" [_thread_blocked, id=8444, stack(0x00000000193a0000,0x00000000194a0000)]
  0x0000000018b38800 JavaThread "pool-1-thread-1" [_thread_in_Java, id=5000, stack(0x00000000192a0000,0x00000000193a0000)]
  0x0000000016f63800 JavaThread "Service Thread" daemon [_thread_blocked, id=5376, stack(0x00000000185a0000,0x00000000186a0000)]
  0x0000000016edd000 JavaThread "C1 CompilerThread3" daemon [_thread_blocked, id=9208, stack(0x00000000184a0000,0x00000000185a0000)]
=>0x0000000016ed8800 JavaThread "C2 CompilerThread2" daemon [_thread_in_native, id=13740, stack(0x00000000183a0000,0x00000000184a0000)]
  0x0000000016ecb800 JavaThread "C2 CompilerThread1" daemon [_thread_in_native, id=2412, stack(0x00000000182a0000,0x00000000183a0000)]
  0x0000000016ec9800 JavaThread "C2 CompilerThread0" daemon [_thread_in_native, id=6164, stack(0x00000000181a0000,0x00000000182a0000)]
  0x0000000016ec4800 JavaThread "Attach Listener" daemon [_thread_blocked, id=15256, stack(0x00000000180a0000,0x00000000181a0000)]
  0x0000000016ec3800 JavaThread "Signal Dispatcher" daemon [_thread_blocked, id=13244, stack(0x0000000017fa0000,0x00000000180a0000)]
  0x0000000016e7b000 JavaThread "Finalizer" daemon [_thread_blocked, id=4372, stack(0x0000000017db0000,0x0000000017eb0000)]
  0x0000000015aee000 JavaThread "Reference Handler" daemon [_thread_blocked, id=15336, stack(0x0000000017cb0000,0x0000000017db0000)]
  0x0000000002e47800 JavaThread "main" [_thread_blocked, id=10836, stack(0x0000000002d00000,0x0000000002e00000)]

Other Threads:
  0x0000000015ae1800 VMThread [stack: 0x0000000017bb0000,0x0000000017cb0000] [id=13444]
  0x0000000016f6b800 WatcherThread [stack: 0x00000000186a0000,0x00000000187a0000] [id=14744]

VM state:not at safepoint (normal execution)

VM Mutex/Monitor currently owned by a thread: None

Heap:
 PSYoungGen      total 181248K, used 146992K [0x00000000eab00000, 0x0000000100000000, 0x0000000100000000)
  eden space 125952K, 98% used [0x00000000eab00000,0x00000000f246eb78,0x00000000f2600000)
  from space 55296K, 40% used [0x00000000fca00000,0x00000000fe01d860,0x0000000100000000)
  to   space 111616K, 0% used [0x00000000f2600000,0x00000000f2600000,0x00000000f9300000)
 ParOldGen       total 374272K, used 218159K [0x00000000c0000000, 0x00000000d6d80000, 0x00000000eab00000)
  object space 374272K, 58% used [0x00000000c0000000,0x00000000cd50bde8,0x00000000d6d80000)
 Metaspace       used 6450K, capacity 7256K, committed 7424K, reserved 1056768K
  class space    used 618K, capacity 656K, committed 768K, reserved 1048576K

Card table byte_map: [0x0000000012380000,0x0000000012590000] byte_map_base: 0x0000000011d80000

Marking Bits: (ParMarkBitMap*) 0x0000000057d364f0
 Begin Bits: [0x0000000012ef0000, 0x0000000013ef0000)
 End Bits:   [0x0000000013ef0000, 0x0000000014ef0000)

Polling page: 0x0000000002e00000

CodeCache: size=245760Kb used=11155Kb max_used=11166Kb free=234604Kb
 bounds [0x0000000002fc0000, 0x0000000003ac0000, 0x0000000011fc0000]
 total_blobs=2487 nmethods=2218 adapters=181
 compilation: enabled

Compilation events (10 events):
Event: 16.525 Thread 0x0000000016edd000 2337       3       com.android.dx.rop.cst.CstLiteralBits::fitsIn16Bits (26 bytes)
Event: 16.525 Thread 0x0000000016edd000 nmethod 2337 0x0000000003a48210 code [0x0000000003a48380, 0x0000000003a486f8]
Event: 16.726 Thread 0x0000000016ed8800 2338       4       com.android.dx.ssa.SsaMethod::isRegALocal (90 bytes)
Event: 16.726 Thread 0x0000000016edd000 2339       3       java.util.HashMap::putVal (300 bytes)
Event: 16.727 Thread 0x0000000016edd000 nmethod 2339 0x0000000003a9f790 code [0x0000000003a9fa00, 0x0000000003aa0cb8]
Event: 16.727 Thread 0x0000000016ec9800 2340 %     4       com.android.dx.ssa.SsaMethod::buildUseList @ 82 (112 bytes)
Event: 16.732 Thread 0x0000000016ec9800 nmethod 2340% 0x0000000003a9d790 code [0x0000000003a9d900, 0x0000000003a9db98]
Event: 16.732 Thread 0x0000000016ec9800 2341       4       com.android.dx.rop.cst.TypedConstant::getBasicType (8 bytes)
Event: 16.733 Thread 0x0000000016ec9800 nmethod 2341 0x0000000003a47ed0 code [0x0000000003a48020, 0x0000000003a480b8]
Event: 16.744 Thread 0x0000000016ec9800 2342 %     4       com.android.dx.ssa.back.FirstFitLocalCombiningAllocator::handleCheckCastResults @ 8 (413 bytes)

GC Heap History (10 events):
Event: 11.189 GC heap before
{Heap before GC invocations=6 (full 0):
 PSYoungGen      total 138240K, used 138227K [0x00000000eab00000, 0x00000000fe500000, 0x0000000100000000)
  eden space 133120K, 100% used [0x00000000eab00000,0x00000000f2d00000,0x00000000f2d00000)
  from space 5120K, 99% used [0x00000000f2d00000,0x00000000f31fcd10,0x00000000f3200000)
  to   space 27648K, 0% used [0x00000000fca00000,0x00000000fca00000,0x00000000fe500000)
 ParOldGen       total 87552K, used 48143K [0x00000000c0000000, 0x00000000c5580000, 0x00000000eab00000)
  object space 87552K, 54% used [0x00000000c0000000,0x00000000c2f03f30,0x00000000c5580000)
 Metaspace       used 6415K, capacity 7256K, committed 7424K, reserved 1056768K
  class space    used 614K, capacity 656K, committed 768K, reserved 1048576K
Event: 11.234 GC heap after
Heap after GC invocations=6 (full 0):
 PSYoungGen      total 291328K, used 22927K [0x00000000eab00000, 0x00000000fea00000, 0x0000000100000000)
  eden space 263680K, 0% used [0x00000000eab00000,0x00000000eab00000,0x00000000fac80000)
  from space 27648K, 82% used [0x00000000fca00000,0x00000000fe063dc8,0x00000000fe500000)
  to   space 30208K, 0% used [0x00000000fac80000,0x00000000fac80000,0x00000000fca00000)
 ParOldGen       total 87552K, used 48143K [0x00000000c0000000, 0x00000000c5580000, 0x00000000eab00000)
  object space 87552K, 54% used [0x00000000c0000000,0x00000000c2f03f30,0x00000000c5580000)
 Metaspace       used 6415K, capacity 7256K, committed 7424K, reserved 1056768K
  class space    used 614K, capacity 656K, committed 768K, reserved 1048576K
}
Event: 14.148 GC heap before
{Heap before GC invocations=7 (full 0):
 PSYoungGen      total 291328K, used 286607K [0x00000000eab00000, 0x00000000fea00000, 0x0000000100000000)
  eden space 263680K, 100% used [0x00000000eab00000,0x00000000fac80000,0x00000000fac80000)
  from space 27648K, 82% used [0x00000000fca00000,0x00000000fe063dc8,0x00000000fe500000)
  to   space 30208K, 0% used [0x00000000fac80000,0x00000000fac80000,0x00000000fca00000)
 ParOldGen       total 87552K, used 48143K [0x00000000c0000000, 0x00000000c5580000, 0x00000000eab00000)
  object space 87552K, 54% used [0x00000000c0000000,0x00000000c2f03f30,0x00000000c5580000)
 Metaspace       used 6448K, capacity 7256K, committed 7424K, reserved 1056768K
  class space    used 618K, capacity 656K, committed 768K, reserved 1048576K
Event: 14.381 GC heap after
Heap after GC invocations=7 (full 0):
 PSYoungGen      total 293888K, used 30195K [0x00000000eab00000, 0x0000000100000000, 0x0000000100000000)
  eden space 263680K, 0% used [0x00000000eab00000,0x00000000eab00000,0x00000000fac80000)
  from space 30208K, 99% used [0x00000000fac80000,0x00000000fc9fcc50,0x00000000fca00000)
  to   space 55296K, 0% used [0x00000000fca00000,0x00000000fca00000,0x0000000100000000)
 ParOldGen       total 121344K, used 119317K [0x00000000c0000000, 0x00000000c7680000, 0x00000000eab00000)
  object space 121344K, 98% used [0x00000000c0000000,0x00000000c74855b0,0x00000000c7680000)
 Metaspace       used 6448K, capacity 7256K, committed 7424K, reserved 1056768K
  class space    used 618K, capacity 656K, committed 768K, reserved 1048576K
}
Event: 14.381 GC heap before
{Heap before GC invocations=8 (full 1):
 PSYoungGen      total 293888K, used 30195K [0x00000000eab00000, 0x0000000100000000, 0x0000000100000000)
  eden space 263680K, 0% used [0x00000000eab00000,0x00000000eab00000,0x00000000fac80000)
  from space 30208K, 99% used [0x00000000fac80000,0x00000000fc9fcc50,0x00000000fca00000)
  to   space 55296K, 0% used [0x00000000fca00000,0x00000000fca00000,0x0000000100000000)
 ParOldGen       total 121344K, used 119317K [0x00000000c0000000, 0x00000000c7680000, 0x00000000eab00000)
  object space 121344K, 98% used [0x00000000c0000000,0x00000000c74855b0,0x00000000c7680000)
 Metaspace       used 6448K, capacity 7256K, committed 7424K, reserved 1056768K
  class space    used 618K, capacity 656K, committed 768K, reserved 1048576K
Event: 15.169 GC heap after
Heap after GC invocations=8 (full 1):
 PSYoungGen      total 293888K, used 20881K [0x00000000eab00000, 0x0000000100000000, 0x0000000100000000)
  eden space 263680K, 0% used [0x00000000eab00000,0x00000000eab00000,0x00000000fac80000)
  from space 30208K, 69% used [0x00000000fac80000,0x00000000fc0e4568,0x00000000fca00000)
  to   space 55296K, 0% used [0x00000000fca00000,0x00000000fca00000,0x0000000100000000)
 ParOldGen       total 218624K, used 121243K [0x00000000c0000000, 0x00000000cd580000, 0x00000000eab00000)
  object space 218624K, 55% used [0x00000000c0000000,0x00000000c7666ed8,0x00000000cd580000)
 Metaspace       used 6448K, capacity 7256K, committed 7424K, reserved 1056768K
  class space    used 618K, capacity 656K, committed 768K, reserved 1048576K
}
Event: 15.460 GC heap before
{Heap before GC invocations=9 (full 1):
 PSYoungGen      total 293888K, used 284561K [0x00000000eab00000, 0x0000000100000000, 0x0000000100000000)
  eden space 263680K, 100% used [0x00000000eab00000,0x00000000fac80000,0x00000000fac80000)
  from space 30208K, 69% used [0x00000000fac80000,0x00000000fc0e4568,0x00000000fca00000)
  to   space 55296K, 0% used [0x00000000fca00000,0x00000000fca00000,0x0000000100000000)
 ParOldGen       total 218624K, used 121243K [0x00000000c0000000, 0x00000000cd580000, 0x00000000eab00000)
  object space 218624K, 55% used [0x00000000c0000000,0x00000000c7666ed8,0x00000000cd580000)
 Metaspace       used 6448K, capacity 7256K, committed 7424K, reserved 1056768K
  class space    used 618K, capacity 656K, committed 768K, reserved 1048576K
Event: 15.534 GC heap after
Heap after GC invocations=9 (full 1):
 PSYoungGen      total 181248K, used 55288K [0x00000000eab00000, 0x0000000100000000, 0x0000000100000000)
  eden space 125952K, 0% used [0x00000000eab00000,0x00000000eab00000,0x00000000f2600000)
  from space 55296K, 99% used [0x00000000fca00000,0x00000000ffffe2d8,0x0000000100000000)
  to   space 111616K, 0% used [0x00000000f2600000,0x00000000f2600000,0x00000000f9300000)
 ParOldGen       total 218624K, used 198582K [0x00000000c0000000, 0x00000000cd580000, 0x00000000eab00000)
  object space 218624K, 90% used [0x00000000c0000000,0x00000000cc1ed810,0x00000000cd580000)
 Metaspace       used 6448K, capacity 7256K, committed 7424K, reserved 1056768K
  class space    used 618K, capacity 656K, committed 768K, reserved 1048576K
}
Event: 15.534 GC heap before
{Heap before GC invocations=10 (full 2):
 PSYoungGen      total 181248K, used 55288K [0x00000000eab00000, 0x0000000100000000, 0x0000000100000000)
  eden space 125952K, 0% used [0x00000000eab00000,0x00000000eab00000,0x00000000f2600000)
  from space 55296K, 99% used [0x00000000fca00000,0x00000000ffffe2d8,0x0000000100000000)
  to   space 111616K, 0% used [0x00000000f2600000,0x00000000f2600000,0x00000000f9300000)
 ParOldGen       total 218624K, used 198582K [0x00000000c0000000, 0x00000000cd580000, 0x00000000eab00000)
  object space 218624K, 90% used [0x00000000c0000000,0x00000000cc1ed810,0x00000000cd580000)
 Metaspace       used 6448K, capacity 7256K, committed 7424K, reserved 1056768K
  class space    used 618K, capacity 656K, committed 768K, reserved 1048576K
Event: 15.973 GC heap after
Heap after GC invocations=10 (full 2):
 PSYoungGen      total 181248K, used 22646K [0x00000000eab00000, 0x0000000100000000, 0x0000000100000000)
  eden space 125952K, 0% used [0x00000000eab00000,0x00000000eab00000,0x00000000f2600000)
  from space 55296K, 40% used [0x00000000fca00000,0x00000000fe01d860,0x0000000100000000)
  to   space 111616K, 0% used [0x00000000f2600000,0x00000000f2600000,0x00000000f9300000)
 ParOldGen       total 374272K, used 218159K [0x00000000c0000000, 0x00000000d6d80000, 0x00000000eab00000)
  object space 374272K, 58% used [0x00000000c0000000,0x00000000cd50bde8,0x00000000d6d80000)
 Metaspace       used 6448K, capacity 7256K, committed 7424K, reserved 1056768K
  class space    used 618K, capacity 656K, committed 768K, reserved 1048576K
}

Deoptimization events (10 events):
Event: 11.828 Thread 0x0000000002e47800 Uncommon trap: reason=class_check action=maybe_recompile pc=0x00000000037d6120 method=com.android.dx.ssa.SsaConverter.placePhiFunctions(Lcom/android/dx/ssa/SsaMethod;Lcom/android/dx/ssa/LocalVariableInfo;I)V @ 257
Event: 11.829 Thread 0x0000000002e47800 Uncommon trap: reason=class_check action=maybe_recompile pc=0x0000000003756fb8 method=com.android.dx.ssa.SsaConverter.placePhiFunctions(Lcom/android/dx/ssa/SsaMethod;Lcom/android/dx/ssa/LocalVariableInfo;I)V @ 257
Event: 11.830 Thread 0x0000000002e47800 Uncommon trap: reason=class_check action=maybe_recompile pc=0x0000000003756fb8 method=com.android.dx.ssa.SsaConverter.placePhiFunctions(Lcom/android/dx/ssa/SsaMethod;Lcom/android/dx/ssa/LocalVariableInfo;I)V @ 257
Event: 11.831 Thread 0x0000000002e47800 Uncommon trap: reason=class_check action=maybe_recompile pc=0x0000000003756fb8 method=com.android.dx.ssa.SsaConverter.placePhiFunctions(Lcom/android/dx/ssa/SsaMethod;Lcom/android/dx/ssa/LocalVariableInfo;I)V @ 257
Event: 12.021 Thread 0x0000000002e47800 Uncommon trap: reason=unstable_if action=reinterpret pc=0x000000000334ae7c method=com.android.dx.ssa.SetFactory.makeLivenessSet(I)Lcom/android/dx/util/IntSet; @ 4
Event: 12.021 Thread 0x0000000002e47800 Uncommon trap: reason=unstable_if action=reinterpret pc=0x0000000003339d14 method=com.android.dx.ssa.SetFactory.makeLivenessSet(I)Lcom/android/dx/util/IntSet; @ 4
Event: 12.163 Thread 0x0000000002e47800 Uncommon trap: reason=class_check action=maybe_recompile pc=0x00000000037aadf4 method=com.android.dx.ssa.back.InterferenceGraph.mergeInterferenceSet(ILcom/android/dx/util/IntSet;)V @ 20
Event: 12.164 Thread 0x0000000002e47800 Uncommon trap: reason=class_check action=maybe_recompile pc=0x00000000037aadf4 method=com.android.dx.ssa.back.InterferenceGraph.mergeInterferenceSet(ILcom/android/dx/util/IntSet;)V @ 20
Event: 12.164 Thread 0x0000000002e47800 Uncommon trap: reason=class_check action=maybe_recompile pc=0x00000000037aadf4 method=com.android.dx.ssa.back.InterferenceGraph.mergeInterferenceSet(ILcom/android/dx/util/IntSet;)V @ 20
Event: 12.174 Thread 0x0000000002e47800 Uncommon trap: reason=class_check action=maybe_recompile pc=0x00000000037aadf4 method=com.android.dx.ssa.back.InterferenceGraph.mergeInterferenceSet(ILcom/android/dx/util/IntSet;)V @ 20

Internal exceptions (6 events):
Event: 0.044 Thread 0x0000000002e47800 Exception <a 'java/lang/NoSuchMethodError': Method sun.misc.Unsafe.defineClass(Ljava/lang/String;[BII)Ljava/lang/Class; name or signature does not match> (0x00000000eab07cc0) thrown at [D:\re\workspace\8-2-build-windows-amd64-cygwin\jdk8u92\6642\hotspot\sr!Å©ÙõX¶?
Event: 0.044 Thread 0x0000000002e47800 Exception <a 'java/lang/NoSuchMethodError': Method sun.misc.Unsafe.prefetchRead(Ljava/lang/Object;J)V name or signature does not match> (0x00000000eab07fa8) thrown at [D:\re\workspace\8-2-build-windows-amd64-cygwin\jdk8u92\6642\hotspot\src\share\vm\prims\j•ˇ◊js@
Event: 6.363 Thread 0x0000000018ba1800 Implicit null exception at 0x0000000003269f62 to 0x000000000326a052
Event: 7.973 Thread 0x0000000018ba1800 Exception <a 'java/lang/ArrayIndexOutOfBoundsException': 18> (0x00000000ec25ed70) thrown at [D:\re\workspace\8-2-build-windows-amd64-cygwin\jdk8u92\6642\hotspot\src\share\vm\interpreter\interpreterRuntime.cpp, line 366]
Event: 7.974 Thread 0x0000000018ba1800 Exception <a 'java/lang/ArrayIndexOutOfBoundsException'> (0x00000000ec2608f0) thrown at [D:\re\workspace\8-2-build-windows-amd64-cygwin\jdk8u92\6642\hotspot\src\share\vm\runtime\sharedRuntime.cpp, line 605]
Event: 7.977 Thread 0x0000000018ba1800 Exception <a 'java/lang/ArrayIndexOutOfBoundsException'> (0x00000000ec261bd8) thrown at [D:\re\workspace\8-2-build-windows-amd64-cygwin\jdk8u92\6642\hotspot\src\share\vm\runtime\sharedRuntime.cpp, line 605]

Events (10 events):
Event: 16.077 Thread 0x0000000018b41800 DEOPT PACKING pc=0x000000000348601d sp=0x000000001959ea20
Event: 16.077 Thread 0x0000000018b41800 DEOPT UNPACKING pc=0x000000000300787f sp=0x000000001959e770 mode 0
Event: 16.133 Thread 0x0000000018b38800 DEOPT PACKING pc=0x0000000003453129 sp=0x000000001939e790
Event: 16.133 Thread 0x0000000018b38800 DEOPT UNPACKING pc=0x000000000300787f sp=0x000000001939e520 mode 0
Event: 16.149 Thread 0x0000000018ba0800 DEOPT PACKING pc=0x000000000343f4db sp=0x000000001969ec00
Event: 16.149 Thread 0x0000000018ba0800 DEOPT UNPACKING pc=0x000000000300787f sp=0x000000001969e990 mode 0
Event: 16.428 Thread 0x0000000018ba0800 DEOPT PACKING pc=0x00000000037b7ff3 sp=0x000000001969ebc0
Event: 16.428 Thread 0x0000000018ba0800 DEOPT UNPACKING pc=0x000000000300787f sp=0x000000001969e950 mode 0
Event: 16.450 Thread 0x0000000018ba0800 DEOPT PACKING pc=0x00000000034597b2 sp=0x000000001969ebb0
Event: 16.450 Thread 0x0000000018ba0800 DEOPT UNPACKING pc=0x000000000300787f sp=0x000000001969e928 mode 0


Dynamic libraries:
0x00007ff6d9120000 - 0x00007ff6d9157000 	C:\Program Files\Java\jdk1.8.0_92\bin\java.exe
0x00007ffe515b0000 - 0x00007ffe51781000 	C:\WINDOWS\SYSTEM32\ntdll.dll
0x00007ffe4fbb0000 - 0x00007ffe4fc5b000 	C:\WINDOWS\System32\KERNEL32.DLL
0x00007ffe4dd10000 - 0x00007ffe4df2d000 	C:\WINDOWS\System32\KERNELBASE.dll
0x00000000595d0000 - 0x000000005967e000 	C:\Program Files\Bitdefender\Bitdefender 2016\Active Virus Control\Avc3_00378_051\avcuf64.dll
0x00007ffe4bf60000 - 0x00007ffe4bfda000 	C:\WINDOWS\system32\apphelp.dll
0x00007ffe27920000 - 0x00007ffe27da2000 	C:\WINDOWS\AppPatch\AppPatch64\AcLayers.DLL
0x00007ffe4f830000 - 0x00007ffe4f8ce000 	C:\WINDOWS\System32\msvcrt.dll
0x00007ffe4f2b0000 - 0x00007ffe4f415000 	C:\WINDOWS\System32\USER32.dll
0x00007ffe4dae0000 - 0x00007ffe4dafe000 	C:\WINDOWS\System32\win32u.dll
0x00007ffe4f260000 - 0x00007ffe4f294000 	C:\WINDOWS\System32\GDI32.dll
0x00007ffe4e7c0000 - 0x00007ffe4e942000 	C:\WINDOWS\System32\gdi32full.dll
0x00007ffe4f620000 - 0x00007ffe4f672000 	C:\WINDOWS\System32\SHLWAPI.dll
0x00007ffe4fcc0000 - 0x00007ffe4ff88000 	C:\WINDOWS\System32\combase.dll
0x00007ffe4e610000 - 0x00007ffe4e705000 	C:\WINDOWS\System32\ucrtbase.dll
0x00007ffe4f420000 - 0x00007ffe4f541000 	C:\WINDOWS\System32\RPCRT4.dll
0x00007ffe4db00000 - 0x00007ffe4db6a000 	C:\WINDOWS\System32\bcryptPrimitives.dll
0x0000000000dd0000 - 0x0000000000dd3000 	C:\WINDOWS\SYSTEM32\sfc.dll
0x00007ffe43460000 - 0x00007ffe434e5000 	C:\WINDOWS\SYSTEM32\WINSPOOL.DRV
0x00007ffe4d5d0000 - 0x00007ffe4d5fb000 	C:\WINDOWS\SYSTEM32\bcrypt.dll
0x00007ffe333d0000 - 0x00007ffe333e1000 	C:\WINDOWS\SYSTEM32\sfc_os.DLL
0x00007ffe42fd0000 - 0x00007ffe42fe1000 	C:\WINDOWS\SYSTEM32\SortWindows61.dll
0x00007ffe51560000 - 0x00007ffe5158e000 	C:\WINDOWS\System32\IMM32.DLL
0x00007ffe4cb90000 - 0x00007ffe4cbc0000 	C:\WINDOWS\system32\DriverStore\FileRepository\nvlti.inf_amd64_03205ffa8fdea79d\nvinitx.dll
0x00007ffe4ec80000 - 0x00007ffe4ed22000 	C:\WINDOWS\System32\ADVAPI32.dll
0x00007ffe4fc60000 - 0x00007ffe4fcb9000 	C:\WINDOWS\System32\sechost.dll
0x00007ffe4cb80000 - 0x00007ffe4cb8a000 	C:\WINDOWS\SYSTEM32\VERSION.dll
0x00007ffe4ff90000 - 0x00007ffe51499000 	C:\WINDOWS\System32\Shell32.dll
0x00007ffe4dc20000 - 0x00007ffe4dc62000 	C:\WINDOWS\System32\cfgmgr32.dll
0x00007ffe4df30000 - 0x00007ffe4e60a000 	C:\WINDOWS\System32\windows.storage.dll
0x00007ffe4da10000 - 0x00007ffe4da5c000 	C:\WINDOWS\System32\powrprof.dll
0x00007ffe4d9f0000 - 0x00007ffe4d9ff000 	C:\WINDOWS\System32\kernel.appcore.dll
0x00007ffe4e710000 - 0x00007ffe4e7b9000 	C:\WINDOWS\System32\shcore.dll
0x00007ffe4da60000 - 0x00007ffe4da74000 	C:\WINDOWS\System32\profapi.dll
0x000000005aa50000 - 0x000000005aa56000 	C:\Program Files\NVIDIA Corporation\CoProcManager\_etoured.dll
0x00007ffe49bc0000 - 0x00007ffe49bfb000 	C:\Program Files\NVIDIA Corporation\CoProcManager\nvd3d9wrapx.dll
0x00007ffe4edd0000 - 0x00007ffe4f1f9000 	C:\WINDOWS\System32\SETUPAPI.dll
0x00007ffe49b90000 - 0x00007ffe49bb4000 	C:\Program Files\NVIDIA Corporation\CoProcManager\nvdxgiwrapx.dll
0x00007ffe434f0000 - 0x00007ffe43769000 	C:\WINDOWS\WinSxS\amd64_microsoft.windows.common-controls_6595b64144ccf1df_6.0.14393.447_none_42191651c6827bb3\COMCTL32.dll
0x0000000057dc0000 - 0x0000000057e92000 	C:\Program Files\Java\jdk1.8.0_92\jre\bin\msvcr100.dll
0x0000000057520000 - 0x0000000057db6000 	C:\Program Files\Java\jdk1.8.0_92\jre\bin\server\jvm.dll
0x00007ffe4fba0000 - 0x00007ffe4fba8000 	C:\WINDOWS\System32\PSAPI.DLL
0x00007ffe42b80000 - 0x00007ffe42b89000 	C:\WINDOWS\SYSTEM32\WSOCK32.dll
0x00007ffe4f5b0000 - 0x00007ffe4f61a000 	C:\WINDOWS\System32\WS2_32.dll
0x00007ffe4b870000 - 0x00007ffe4b893000 	C:\WINDOWS\SYSTEM32\WINMM.dll
0x00007ffe4b840000 - 0x00007ffe4b86b000 	C:\WINDOWS\SYSTEM32\WINMMBASE.dll
0x0000000057510000 - 0x000000005751f000 	C:\Program Files\Java\jdk1.8.0_92\jre\bin\verify.dll
0x00000000574e0000 - 0x0000000057509000 	C:\Program Files\Java\jdk1.8.0_92\jre\bin\java.dll
0x00000000574c0000 - 0x00000000574d6000 	C:\Program Files\Java\jdk1.8.0_92\jre\bin\zip.dll

VM Arguments:
jvm_args: -Djava.awt.headless=true -Xmx1024M -Dfile.encoding=windows-1252 -Duser.country=US -Duser.language=en -Duser.variant 
java_command: com.android.dx.command.Main --dex --num-threads=4 --output C:\Users\kikkos\AndroidStudioProjects\Udacity\BuiltItBigger\app\build\intermediates\pre-dexed\debug\com.google.android.gms-play-services-ads-10.0.1_b826ebd9d50cccc289655ed7e19ea4a5d036e623.jar C:\Users\kikkos\AndroidStudioProjects\Udacity\BuiltItBigger\app\build\intermediates\exploded-aar\com.google.android.gms\play-services-ads\10.0.1\jars\classes.jar
java_class_path (initial): C:\Users\kikkos\AppData\Local\Android\sdk\build-tools\23.0.1\lib\dx.jar
Launcher Type: SUN_STANDARD

Environment Variables:
JAVA_HOME=C:\Program Files\Java\jdk1.8.0_92
PATH=C:\Program Files (x86)\Intel\iCLS Client\;C:\Program Files\Intel\iCLS Client\;C:\ProgramData\Oracle\Java\javapath;C:\Program Files\ImageMagick-6.8.9-Q16;C:\WINDOWS\system32;C:\WINDOWS;C:\WINDOWS\System32\Wbem;C:\Program Files\Lenovo\Bluetooth Software\;C:\Program Files\Lenovo\Bluetooth Software\syswow64;C:\Program Files\Intel\WiFi\bin\;C:\Program Files\Common Files\Intel\WirelessCommon\;C:\Program Files\Microsoft\Web Platform Installer\;C:\WINDOWS\System32\WindowsPowerShell\v1.0\;C:\Program Files\Microsoft SQL Server\110\Tools\Binn\;C:\Program Files\Sublime Text 2;C:\Program Files (x86)\Heroku\bin;C:\Program Files\Intel\Intel(R) Management Engine Components\DAL;C:\Program Files\Intel\Intel(R) Management Engine Components\IPT;C:\Program Files (x86)\Intel\Intel(R) Management Engine Components\DAL;C:\Program Files (x86)\Intel\Intel(R) Management Engine Components\IPT;C:\Program Files (x86)\NVIDIA Corporation\PhysX\Common;C:\WINDOWS\system32;C:\WINDOWS;C:\WINDOWS\System32\Wbem;C:\WINDOWS\System32\WindowsPowerShell\v1.0\;C:\Program Files (x86)\Skype\Phone\;C:\Ruby23-x64\bin;C:\Program Files (x86)\MySQL\MySQL Fabric 1.5 & MySQL Utilities 1.5\;C:\Program Files (x86)\MySQL\MySQL Fabric 1.5 & MySQL Utilities 1.5\Doctrine extensions for PHP\;C:\Program Files\MySQL\MySQL Server 5.7\bin;C:\RailsInstaller\Ruby2.2.0\bin;C:\Users\kikkos\AppData\Local\GitHub\PortableGit_d76a6a98c9315931ec4927243517bc09e9b731a0\cmd;C:\Users\kikkos\AppData\Local\Android\sdk\platform-tools;C:\cURL\bin;C:\Program Files\Intel\WiFi\bin\;C:\Program Files\Common Files\Intel\WirelessCommon\;C:\sqlite;C:\Users\kikkos\AppData\Local\Microsoft\WindowsApps;C:\Program Files\Java\jdk1.8.0_92\bin;C:\gradle-3.2.1\bin\
USERNAME=kikkos
OS=Windows_NT
PROCESSOR_IDENTIFIER=Intel64 Family 6 Model 42 Stepping 7, GenuineIntel



---------------  S Y S T E M  ---------------

OS: Windows 10.0 , 64 bit Build 14393 (10.0.14393.0)

CPU:total 8 (4 cores per cpu, 2 threads per core) family 6 model 42 stepping 7, cmov, cx8, fxsr, mmx, sse, sse2, sse3, ssse3, sse4.1, sse4.2, popcnt, avx, aes, clmul, ht, tsc, tscinvbit

Memory: 4k page, physical 8300684k(1967752k free), swap 8505484k(4128k free)

vm_info: Java HotSpot(TM) 64-Bit Server VM (25.92-b14) for windows-amd64 JRE (1.8.0_92-b14), built on Mar 31 2016 21:03:04 by "java_re" with MS VC++ 10.0 (VS2010)

time: Fri Dec 16 02:12:02 2016
elapsed time: 16 seconds (0d 0h 0m 16s)

