#
# There is insufficient memory for the Java Runtime Environment to continue.
# Native memory allocation (malloc) failed to allocate 247376 bytes for Chunk::new
# Possible reasons:
#   The system is out of physical RAM or swap space
#   In 32 bit mode, the process size limit was hit
# Possible solutions:
#   Reduce memory load on the system
#   Increase physical memory or swap space
#   Check if swap backing store is full
#   Use 64 bit Java on a 64 bit OS
#   Decrease Java heap size (-Xmx/-Xms)
#   Decrease number of Java threads
#   Decrease Java thread stack sizes (-Xss)
#   Set larger code cache with -XX:ReservedCodeCacheSize=
# This output file may be truncated or incomplete.
#
#  Out of Memory Error (allocation.cpp:390), pid=3380, tid=0x0000000000003774
#
# JRE version: Java(TM) SE Runtime Environment (8.0_92-b14) (build 1.8.0_92-b14)
# Java VM: Java HotSpot(TM) 64-Bit Server VM (25.92-b14 mixed mode windows-amd64 compressed oops)
# Failed to write core dump. Minidumps are not enabled by default on client versions of Windows
#

---------------  T H R E A D  ---------------

Current thread (0x0000000016af8800):  JavaThread "C2 CompilerThread1" daemon [_thread_in_native, id=14196, stack(0x0000000017ee0000,0x0000000017fe0000)]

Stack: [0x0000000017ee0000,0x0000000017fe0000]
[error occurred during error reporting (printing stack bounds), id 0xc0000005]

Native frames: (J=compiled Java code, j=interpreted, Vv=VM code, C=native code)


Current CompileTask:
C2:   1648  765   !   4       com.android.dx.rop.code.RegisterSpec::intern (70 bytes)


---------------  P R O C E S S  ---------------

Java Threads: ( => current thread )
  0x000000001879a800 JavaThread "pool-1-thread-4" [_thread_in_Java, id=192, stack(0x00000000192e0000,0x00000000193e0000)]
  0x0000000018797800 JavaThread "pool-1-thread-3" [_thread_in_Java, id=13456, stack(0x00000000191e0000,0x00000000192e0000)]
  0x0000000018796000 JavaThread "pool-1-thread-2" [_thread_in_Java, id=13636, stack(0x00000000190e0000,0x00000000191e0000)]
  0x0000000018795800 JavaThread "pool-2-thread-1" [_thread_blocked, id=7824, stack(0x0000000018fe0000,0x00000000190e0000)]
  0x0000000018794000 JavaThread "pool-1-thread-1" [_thread_in_vm, id=3364, stack(0x0000000018ee0000,0x0000000018fe0000)]
  0x0000000016b65800 JavaThread "Service Thread" daemon [_thread_blocked, id=7384, stack(0x00000000181e0000,0x00000000182e0000)]
  0x0000000016b60000 JavaThread "C1 CompilerThread3" daemon [_thread_in_native, id=15324, stack(0x00000000180e0000,0x00000000181e0000)]
  0x0000000016b58800 JavaThread "C2 CompilerThread2" daemon [_thread_blocked, id=244, stack(0x0000000017fe0000,0x00000000180e0000)]
=>0x0000000016af8800 JavaThread "C2 CompilerThread1" daemon [_thread_in_native, id=14196, stack(0x0000000017ee0000,0x0000000017fe0000)]
  0x0000000016af6800 JavaThread "C2 CompilerThread0" daemon [_thread_in_native, id=14188, stack(0x0000000017de0000,0x0000000017ee0000)]
  0x0000000016af1800 JavaThread "Attach Listener" daemon [_thread_blocked, id=2844, stack(0x0000000017ce0000,0x0000000017de0000)]
  0x0000000016af0800 JavaThread "Signal Dispatcher" daemon [_thread_blocked, id=4760, stack(0x0000000017be0000,0x0000000017ce0000)]
  0x0000000016aa1800 JavaThread "Finalizer" daemon [_thread_blocked, id=1960, stack(0x00000000179f0000,0x0000000017af0000)]
  0x0000000016a76000 JavaThread "Reference Handler" daemon [_thread_blocked, id=14972, stack(0x00000000178f0000,0x00000000179f0000)]
  0x0000000002af7800 JavaThread "main" [_thread_blocked, id=7068, stack(0x00000000029f0000,0x0000000002af0000)]

Other Threads:
  0x000000001570f800 VMThread [stack: 0x00000000177f0000,0x00000000178f0000] [id=11132]
  0x0000000016b6b800 WatcherThread [stack: 0x00000000182e0000,0x00000000183e0000] [id=1028]

VM state:not at safepoint (normal execution)

VM Mutex/Monitor currently owned by a thread: None

Heap:
 PSYoungGen      total 38400K, used 16910K [0x00000000eab00000, 0x00000000ed580000, 0x0000000100000000)
  eden space 33280K, 50% used [0x00000000eab00000,0x00000000ebb83b10,0x00000000ecb80000)
  from space 5120K, 0% used [0x00000000ed080000,0x00000000ed080000,0x00000000ed580000)
  to   space 5120K, 0% used [0x00000000ecb80000,0x00000000ecb80000,0x00000000ed080000)
 ParOldGen       total 87552K, used 0K [0x00000000c0000000, 0x00000000c5580000, 0x00000000eab00000)
  object space 87552K, 0% used [0x00000000c0000000,0x00000000c0000000,0x00000000c5580000)
 Metaspace       used 5720K, capacity 6768K, committed 7040K, reserved 1056768K
  class space    used 590K, capacity 616K, committed 640K, reserved 1048576K

Card table byte_map: [0x0000000011fb0000,0x00000000121c0000] byte_map_base: 0x00000000119b0000

Marking Bits: (ParMarkBitMap*) 0x0000000057d364f0
 Begin Bits: [0x0000000012b20000, 0x0000000013b20000)
 End Bits:   [0x0000000013b20000, 0x0000000014b20000)

Polling page: 0x0000000000e20000

CodeCache: size=245760Kb used=2998Kb max_used=3009Kb free=242762Kb
 bounds [0x0000000002bf0000, 0x0000000002ef0000, 0x0000000011bf0000]
 total_blobs=1040 nmethods=770 adapters=182
 compilation: enabled

Compilation events (10 events):
Event: 1.644 Thread 0x0000000016b60000 nmethod 748 0x0000000002ed7b50 code [0x0000000002ed7d20, 0x0000000002ed83a8]
Event: 1.644 Thread 0x0000000016b60000  740       3       com.android.dx.rop.code.PlainCstInsn::accept (8 bytes)
Event: 1.644 Thread 0x0000000016b60000 nmethod 740 0x0000000002ed5990 code [0x0000000002ed5b00, 0x0000000002ed5d28]
Event: 1.644 Thread 0x0000000016b60000  777       3       com.android.dx.rop.code.SourcePosition::<init> (50 bytes)
Event: 1.644 Thread 0x0000000016b60000 nmethod 777 0x0000000002ed3c10 code [0x0000000002ed3da0, 0x0000000002ed4158]
Event: 1.644 Thread 0x0000000016af6800  783       4       java.util.ArrayList::ensureExplicitCapacity (26 bytes)
Event: 1.644 Thread 0x0000000016b60000  754       3       com.android.dx.ssa.SsaMethod::returnSpareRegisters (6 bytes)
Event: 1.644 Thread 0x0000000016b58800 nmethod 757 0x0000000002ed8710 code [0x0000000002ed89a0, 0x0000000002ed92b0]
Event: 1.645 Thread 0x0000000016b60000 nmethod 754 0x0000000002ed6050 code [0x0000000002ed61a0, 0x0000000002ed62f0]
Event: 1.645 Thread 0x0000000016b60000  755       3       com.android.dx.ssa.SsaBasicBlock::scheduleMovesFromPhis (108 bytes)

GC Heap History (0 events):
No events

Deoptimization events (2 events):
Event: 1.394 Thread 0x0000000018794000 Uncommon trap: reason=unstable_if action=reinterpret pc=0x0000000002e0ef54 method=com.android.dx.rop.code.RegisterSpec.equals(ILcom/android/dx/rop/type/TypeBearer;Lcom/android/dx/rop/code/LocalItem;)Z @ 16
Event: 1.638 Thread 0x0000000002af7800 Uncommon trap: reason=unstable_if action=reinterpret pc=0x0000000002ea4adc method=com.android.dx.rop.code.LocalItem.hashCode()I @ 25

Internal exceptions (2 events):
Event: 0.096 Thread 0x0000000002af7800 Exception <a 'java/lang/NoSuchMethodError': Method sun.misc.Unsafe.defineClass(Ljava/lang/String;[BII)Ljava/lang/Class; name or signature does not match> (0x00000000eab07cc0) thrown at [D:\re\workspace\8-2-build-windows-amd64-cygwin\jdk8u92\6642\hotspot\sr¹Y¸­¸?
Event: 0.096 Thread 0x0000000002af7800 Exception <a 'java/lang/NoSuchMethodError': Method sun.misc.Unsafe.prefetchRead(Ljava/lang/Object;J)V name or signature does not match> (0x00000000eab07fa8) thrown at [D:\re\workspace\8-2-build-windows-amd64-cygwin\jdk8u92\6642\hotspot\src\share\vm\prims\j

Events (10 events):
Event: 1.522 Executing VM operation: ForceSafepoint
Event: 1.523 loading class java/util/DualPivotQuicksort done
Event: 1.628 Executing VM operation: ForceSafepoint done
Event: 1.631 loading class com/android/dx/cf/attrib/AttLocalVariableTypeTable
Event: 1.631 loading class com/android/dx/cf/attrib/AttLocalVariableTypeTable done
Event: 1.632 loading class com/android/dx/cf/attrib/AttSignature
Event: 1.632 loading class com/android/dx/cf/attrib/AttSignature done
Event: 1.638 Thread 0x0000000002af7800 Uncommon trap: trap_request=0xffffff65 fr.pc=0x0000000002ea4adc
Event: 1.638 Thread 0x0000000002af7800 DEOPT PACKING pc=0x0000000002ea4adc sp=0x0000000002aee7e0
Event: 1.638 Thread 0x0000000002af7800 DEOPT UNPACKING pc=0x0000000002c3582a sp=0x0000000002aee718 mode 2


Dynamic libraries:
0x00007ff6d9120000 - 0x00007ff6d9157000 	C:\Program Files\Java\jdk1.8.0_92\bin\java.exe
0x00007ffe515b0000 - 0x00007ffe51781000 	C:\WINDOWS\SYSTEM32\ntdll.dll
0x00007ffe4fbb0000 - 0x00007ffe4fc5b000 	C:\WINDOWS\System32\KERNEL32.DLL
0x00007ffe4dd10000 - 0x00007ffe4df2d000 	C:\WINDOWS\System32\KERNELBASE.dll
0x00000000595d0000 - 0x000000005967e000 	C:\Program Files\Bitdefender\Bitdefender 2016\Active Virus Control\Avc3_00378_051\avcuf64.dll
0x00007ffe4bf60000 - 0x00007ffe4bfda000 	C:\WINDOWS\system32\apphelp.dll
0x00007ffe27920000 - 0x00007ffe27da2000 	C:\WINDOWS\AppPatch\AppPatch64\AcLayers.DLL
0x00007ffe4f830000 - 0x00007ffe4f8ce000 	C:\WINDOWS\System32\msvcrt.dll
0x00007ffe4f2b0000 - 0x00007ffe4f415000 	C:\WINDOWS\System32\USER32.dll
0x00007ffe4dae0000 - 0x00007ffe4dafe000 	C:\WINDOWS\System32\win32u.dll
0x00007ffe4f260000 - 0x00007ffe4f294000 	C:\WINDOWS\System32\GDI32.dll
0x00007ffe4e7c0000 - 0x00007ffe4e942000 	C:\WINDOWS\System32\gdi32full.dll
0x00007ffe4f620000 - 0x00007ffe4f672000 	C:\WINDOWS\System32\SHLWAPI.dll
0x00007ffe4fcc0000 - 0x00007ffe4ff88000 	C:\WINDOWS\System32\combase.dll
0x00007ffe4e610000 - 0x00007ffe4e705000 	C:\WINDOWS\System32\ucrtbase.dll
0x00007ffe4f420000 - 0x00007ffe4f541000 	C:\WINDOWS\System32\RPCRT4.dll
0x00007ffe4db00000 - 0x00007ffe4db6a000 	C:\WINDOWS\System32\bcryptPrimitives.dll
0x00000000007f0000 - 0x00000000007f3000 	C:\WINDOWS\SYSTEM32\sfc.dll
0x00007ffe43460000 - 0x00007ffe434e5000 	C:\WINDOWS\SYSTEM32\WINSPOOL.DRV
0x00007ffe4d5d0000 - 0x00007ffe4d5fb000 	C:\WINDOWS\SYSTEM32\bcrypt.dll
0x00007ffe333d0000 - 0x00007ffe333e1000 	C:\WINDOWS\SYSTEM32\sfc_os.DLL
0x00007ffe42fd0000 - 0x00007ffe42fe1000 	C:\WINDOWS\SYSTEM32\SortWindows61.dll
0x00007ffe51560000 - 0x00007ffe5158e000 	C:\WINDOWS\System32\IMM32.DLL
0x00007ffe4cb90000 - 0x00007ffe4cbc0000 	C:\WINDOWS\system32\DriverStore\FileRepository\nvlti.inf_amd64_03205ffa8fdea79d\nvinitx.dll
0x00007ffe4ec80000 - 0x00007ffe4ed22000 	C:\WINDOWS\System32\ADVAPI32.dll
0x00007ffe4fc60000 - 0x00007ffe4fcb9000 	C:\WINDOWS\System32\sechost.dll
0x00007ffe4cb80000 - 0x00007ffe4cb8a000 	C:\WINDOWS\SYSTEM32\VERSION.dll
0x00007ffe4ff90000 - 0x00007ffe51499000 	C:\WINDOWS\System32\Shell32.dll
0x00007ffe4dc20000 - 0x00007ffe4dc62000 	C:\WINDOWS\System32\cfgmgr32.dll
0x00007ffe4df30000 - 0x00007ffe4e60a000 	C:\WINDOWS\System32\windows.storage.dll
0x00007ffe4da10000 - 0x00007ffe4da5c000 	C:\WINDOWS\System32\powrprof.dll
0x00007ffe4d9f0000 - 0x00007ffe4d9ff000 	C:\WINDOWS\System32\kernel.appcore.dll
0x00007ffe4e710000 - 0x00007ffe4e7b9000 	C:\WINDOWS\System32\shcore.dll
0x00007ffe4da60000 - 0x00007ffe4da74000 	C:\WINDOWS\System32\profapi.dll
0x000000005aa50000 - 0x000000005aa56000 	C:\Program Files\NVIDIA Corporation\CoProcManager\_etoured.dll
0x00007ffe49bc0000 - 0x00007ffe49bfb000 	C:\Program Files\NVIDIA Corporation\CoProcManager\nvd3d9wrapx.dll
0x00007ffe4edd0000 - 0x00007ffe4f1f9000 	C:\WINDOWS\System32\SETUPAPI.dll
0x00007ffe49b90000 - 0x00007ffe49bb4000 	C:\Program Files\NVIDIA Corporation\CoProcManager\nvdxgiwrapx.dll
0x00007ffe434f0000 - 0x00007ffe43769000 	C:\WINDOWS\WinSxS\amd64_microsoft.windows.common-controls_6595b64144ccf1df_6.0.14393.447_none_42191651c6827bb3\COMCTL32.dll
0x0000000057dc0000 - 0x0000000057e92000 	C:\Program Files\Java\jdk1.8.0_92\jre\bin\msvcr100.dll
0x0000000057520000 - 0x0000000057db6000 	C:\Program Files\Java\jdk1.8.0_92\jre\bin\server\jvm.dll
0x00007ffe4fba0000 - 0x00007ffe4fba8000 	C:\WINDOWS\System32\PSAPI.DLL
0x00007ffe42b80000 - 0x00007ffe42b89000 	C:\WINDOWS\SYSTEM32\WSOCK32.dll
0x00007ffe4f5b0000 - 0x00007ffe4f61a000 	C:\WINDOWS\System32\WS2_32.dll
0x00007ffe4b870000 - 0x00007ffe4b893000 	C:\WINDOWS\SYSTEM32\WINMM.dll
0x00007ffe4b840000 - 0x00007ffe4b86b000 	C:\WINDOWS\SYSTEM32\WINMMBASE.dll
0x0000000057510000 - 0x000000005751f000 	C:\Program Files\Java\jdk1.8.0_92\jre\bin\verify.dll
0x00000000574e0000 - 0x0000000057509000 	C:\Program Files\Java\jdk1.8.0_92\jre\bin\java.dll
0x00000000574c0000 - 0x00000000574d6000 	C:\Program Files\Java\jdk1.8.0_92\jre\bin\zip.dll

VM Arguments:
jvm_args: -Djava.awt.headless=true -Xmx1024M -Dfile.encoding=windows-1252 -Duser.country=US -Duser.language=en -Duser.variant 
java_command: com.android.dx.command.Main --dex --num-threads=4 --output C:\Users\kikkos\AndroidStudioProjects\Udacity\BuiltItBigger\app\build\intermediates\pre-dexed\debug\com.android.support-support-v4-24.0.0_f98c534798bdd176df541969ce5afd96f06b4e20.jar C:\Users\kikkos\AndroidStudioProjects\Udacity\BuiltItBigger\app\build\intermediates\exploded-aar\com.android.support\support-v4\24.0.0\jars\classes.jar
java_class_path (initial): C:\Users\kikkos\AppData\Local\Android\sdk\build-tools\23.0.1\lib\dx.jar
Launcher Type: SUN_STANDARD

Environment Variables:
JAVA_HOME=C:\Program Files\Java\jdk1.8.0_92
PATH=C:\Program Files (x86)\Intel\iCLS Client\;C:\Program Files\Intel\iCLS Client\;C:\ProgramData\Oracle\Java\javapath;C:\Program Files\ImageMagick-6.8.9-Q16;C:\WINDOWS\system32;C:\WINDOWS;C:\WINDOWS\System32\Wbem;C:\Program Files\Lenovo\Bluetooth Software\;C:\Program Files\Lenovo\Bluetooth Software\syswow64;C:\Program Files\Intel\WiFi\bin\;C:\Program Files\Common Files\Intel\WirelessCommon\;C:\Program Files\Microsoft\Web Platform Installer\;C:\WINDOWS\System32\WindowsPowerShell\v1.0\;C:\Program Files\Microsoft SQL Server\110\Tools\Binn\;C:\Program Files\Sublime Text 2;C:\Program Files (x86)\Heroku\bin;C:\Program Files\Intel\Intel(R) Management Engine Components\DAL;C:\Program Files\Intel\Intel(R) Management Engine Components\IPT;C:\Program Files (x86)\Intel\Intel(R) Management Engine Components\DAL;C:\Program Files (x86)\Intel\Intel(R) Management Engine Components\IPT;C:\Program Files (x86)\NVIDIA Corporation\PhysX\Common;C:\WINDOWS\system32;C:\WINDOWS;C:\WINDOWS\System32\Wbem;C:\WINDOWS\System32\WindowsPowerShell\v1.0\;C:\Program Files (x86)\Skype\Phone\;C:\Ruby23-x64\bin;C:\Program Files (x86)\MySQL\MySQL Fabric 1.5 & MySQL Utilities 1.5\;C:\Program Files (x86)\MySQL\MySQL Fabric 1.5 & MySQL Utilities 1.5\Doctrine extensions for PHP\;C:\Program Files\MySQL\MySQL Server 5.7\bin;C:\RailsInstaller\Ruby2.2.0\bin;C:\Users\kikkos\AppData\Local\GitHub\PortableGit_d76a6a98c9315931ec4927243517bc09e9b731a0\cmd;C:\Users\kikkos\AppData\Local\Android\sdk\platform-tools;C:\cURL\bin;C:\Program Files\Intel\WiFi\bin\;C:\Program Files\Common Files\Intel\WirelessCommon\;C:\sqlite;C:\Users\kikkos\AppData\Local\Microsoft\WindowsApps;C:\Program Files\Java\jdk1.8.0_92\bin;C:\gradle-3.2.1\bin\
USERNAME=kikkos
OS=Windows_NT
PROCESSOR_IDENTIFIER=Intel64 Family 6 Model 42 Stepping 7, GenuineIntel



---------------  S Y S T E M  ---------------

OS: Windows 10.0 , 64 bit Build 14393 (10.0.14393.0)

CPU:total 8 (4 cores per cpu, 2 threads per core) family 6 model 42 stepping 7, cmov, cx8, fxsr, mmx, sse, sse2, sse3, ssse3, sse4.1, sse4.2, popcnt, avx, aes, clmul, ht, tsc, tscinvbit

Memory: 4k page, physical 8300684k(1958636k free), swap 8505484k(3116k free)

vm_info: Java HotSpot(TM) 64-Bit Server VM (25.92-b14) for windows-amd64 JRE (1.8.0_92-b14), built on Mar 31 2016 21:03:04 by "java_re" with MS VC++ 10.0 (VS2010)

time: Fri Dec 16 02:12:02 2016
elapsed time: 1 seconds (0d 0h 0m 1s)

